<?xml version="1.0" encoding="UTF-8"?>
<!-- Generated by org.testng.reporters.JUnitXMLReporter -->
<testsuite ignored="0" hostname="Neelimas-MacBook-Air.local" failures="0" tests="5" name="Test" time="17.333" errors="0" timestamp="2023-01-03T15:59:25 IST">
  <testcase classname="testCases.LoginPageTest" name="test_Loging" time="1.977"/>
  <testcase classname="testCases.LoginPageTest" name="test_Loging" time="1.735"/>
  <testcase classname="testCases.LoginPageTest" name="test_Loging" time="1.482"/>
  <testcase classname="testCases.LoginPageTest" name="test_Loging" time="1.313"/>
  <testcase classname="testCases.LoginPageTest" name="test_Loging" time="1.153"/>
</testsuite> <!-- Test -->
